  elsparkesykkel.cpp
  funksjoner.cpp
G:\GITLAB\gruppe45\source\funksjoner.cpp(28,23): warning C4018: '<': signed/unsigned mismatch
  gjenstand.cpp
  kunde.cpp
  kunder.cpp
G:\GITLAB\gruppe45\source\kunder.cpp(212,67): warning C4018: '<': signed/unsigned mismatch
G:\GITLAB\gruppe45\source\kunder.cpp(234,66): warning C4018: '<': signed/unsigned mismatch
G:\GITLAB\gruppe45\source\kunder.cpp(256,74): warning C4018: '<': signed/unsigned mismatch
  LesData3.cpp
  Source.cpp
  sted.cpp
  sykkel.cpp
  tralle.cpp
  utleiesteder.cpp
G:\GITLAB\gruppe45\source\utleiesteder.cpp(125,35): warning C4018: '>': signed/unsigned mismatch
G:\GITLAB\gruppe45\source\utleiesteder.cpp(144,35): warning C4018: '>': signed/unsigned mismatch
G:\GITLAB\gruppe45\source\utleiesteder.cpp(164,35): warning C4018: '>': signed/unsigned mismatch
  Generating Code...
  source.vcxproj -> G:\GITLAB\gruppe45\Debug\source.exe
